

Started GET "/assets/rails.png" for 127.0.0.1 at 2013-06-25 09:32:54 +0700
Connecting to database specified by database.yml
Served asset /rails.png - 200 OK (26ms)


Started GET "/rails/info/properties" for 127.0.0.1 at 2013-06-25 09:32:56 +0700
Processing by Rails::InfoController#properties as */*
  Rendered inline template (2.4ms)
Completed 200 OK in 62ms (Views: 61.2ms | ActiveRecord: 0.0ms)


Started GET "/rails/info/properties" for 127.0.0.1 at 2013-06-25 09:32:58 +0700
Processing by Rails::InfoController#properties as */*
  Rendered inline template (0.6ms)
Completed 200 OK in 2ms (Views: 1.2ms | ActiveRecord: 0.0ms)


Started GET "/users" for 127.0.0.1 at 2013-06-25 09:35:36 +0700

ActionController::RoutingError (No route matches [GET] "/users"):
  actionpack (3.2.6) lib/action_dispatch/middleware/debug_exceptions.rb:21:in `call'
  actionpack (3.2.6) lib/action_dispatch/middleware/show_exceptions.rb:56:in `call'
  railties (3.2.6) lib/rails/rack/logger.rb:26:in `call_app'
  railties (3.2.6) lib/rails/rack/logger.rb:16:in `call'
  actionpack (3.2.6) lib/action_dispatch/middleware/request_id.rb:22:in `call'
  rack (1.4.5) lib/rack/methodoverride.rb:21:in `call'
  rack (1.4.5) lib/rack/runtime.rb:17:in `call'
  activesupport (3.2.6) lib/active_support/cache/strategy/local_cache.rb:72:in `call'
  rack (1.4.5) lib/rack/lock.rb:15:in `call'
  actionpack (3.2.6) lib/action_dispatch/middleware/static.rb:62:in `call'
  railties (3.2.6) lib/rails/engine.rb:479:in `call'
  railties (3.2.6) lib/rails/application.rb:220:in `call'
  rack (1.4.5) lib/rack/content_length.rb:14:in `call'
  railties (3.2.6) lib/rails/rack/log_tailer.rb:17:in `call'
  rack (1.4.5) lib/rack/handler/webrick.rb:59:in `service'
  /usr/lib/ruby/1.9.1/webrick/httpserver.rb:138:in `service'
  /usr/lib/ruby/1.9.1/webrick/httpserver.rb:94:in `run'
  /usr/lib/ruby/1.9.1/webrick/server.rb:191:in `block in start_thread'


  Rendered /var/lib/gems/1.9.1/gems/actionpack-3.2.6/lib/action_dispatch/middleware/templates/rescues/routing_error.erb within rescues/layout (1.2ms)
Connecting to database specified by database.yml
Connecting to database specified by database.yml
  [1m[36m (0.2ms)[0m  [1mselect sqlite_version(*)[0m
  [1m[35m (200.9ms)[0m  CREATE TABLE "schema_migrations" ("version" varchar(255) NOT NULL) 
  [1m[36m (0.1ms)[0m  [1mPRAGMA index_list("schema_migrations")[0m
  [1m[35m (90.7ms)[0m  CREATE UNIQUE INDEX "unique_schema_migrations" ON "schema_migrations" ("version")
  [1m[36m (0.2ms)[0m  [1mSELECT "schema_migrations"."version" FROM "schema_migrations" [0m
Migrating to CreateUsers (20130625023600)
  [1m[35m (0.1ms)[0m  begin transaction
  [1m[36m (0.6ms)[0m  [1mCREATE TABLE "users" ("id" INTEGER PRIMARY KEY AUTOINCREMENT NOT NULL, "name" varchar(255), "email" varchar(255), "created_at" datetime NOT NULL, "updated_at" datetime NOT NULL) [0m
  [1m[35m (0.2ms)[0m  INSERT INTO "schema_migrations" ("version") VALUES ('20130625023600')
  [1m[36m (101.4ms)[0m  [1mcommit transaction[0m
  [1m[35m (0.4ms)[0m  select sqlite_version(*)
  [1m[36m (0.2ms)[0m  [1mSELECT "schema_migrations"."version" FROM "schema_migrations" [0m
  [1m[35m (0.1ms)[0m  PRAGMA index_list("users")


Started GET "/users" for 127.0.0.1 at 2013-06-25 09:36:44 +0700
Processing by UsersController#index as HTML
  [1m[36mUser Load (0.1ms)[0m  [1mSELECT "users".* FROM "users" [0m
  Rendered users/index.html.erb within layouts/application (1.2ms)
Compiled scaffolds.css  (50ms)  (pid 5197)
Compiled users.css  (1ms)  (pid 5197)
Compiled application.css  (63ms)  (pid 5197)
Compiled jquery.js  (4ms)  (pid 5197)
Compiled jquery_ujs.js  (0ms)  (pid 5197)
Compiled users.js  (498ms)  (pid 5197)
Compiled application.js  (585ms)  (pid 5197)
Completed 200 OK in 895ms (Views: 710.5ms | ActiveRecord: 0.6ms)


Started GET "/assets/application.css?body=1" for 127.0.0.1 at 2013-06-25 09:36:45 +0700
Served asset /application.css - 200 OK (11ms)


Started GET "/assets/scaffolds.css?body=1" for 127.0.0.1 at 2013-06-25 09:36:45 +0700
Served asset /scaffolds.css - 200 OK (2ms)


Started GET "/assets/jquery_ujs.js?body=1" for 127.0.0.1 at 2013-06-25 09:36:45 +0700
Served asset /jquery_ujs.js - 200 OK (3ms)


Started GET "/assets/jquery.js?body=1" for 127.0.0.1 at 2013-06-25 09:36:45 +0700
Served asset /jquery.js - 200 OK (6ms)


Started GET "/assets/users.css?body=1" for 127.0.0.1 at 2013-06-25 09:36:45 +0700
Served asset /users.css - 200 OK (2ms)


Started GET "/assets/users.js?body=1" for 127.0.0.1 at 2013-06-25 09:36:45 +0700
Served asset /users.js - 200 OK (3ms)


Started GET "/assets/application.js?body=1" for 127.0.0.1 at 2013-06-25 09:36:45 +0700
Served asset /application.js - 200 OK (11ms)


Started GET "/users/new" for 127.0.0.1 at 2013-06-25 09:36:49 +0700
Processing by UsersController#new as HTML
  Rendered users/_form.html.erb (36.2ms)
  Rendered users/new.html.erb within layouts/application (88.3ms)
Completed 200 OK in 99ms (Views: 93.1ms | ActiveRecord: 0.0ms)


Started GET "/assets/scaffolds.css?body=1" for 127.0.0.1 at 2013-06-25 09:36:49 +0700
Served asset /scaffolds.css - 304 Not Modified (0ms)


Started POST "/users" for 127.0.0.1 at 2013-06-25 09:37:02 +0700
Processing by UsersController#create as HTML
  Parameters: {"utf8"=>"✓", "authenticity_token"=>"z060sdlt3WbcabKv8VLDKSDzhabJTZhxCzDCxPvAffY=", "user"=>{"name"=>"linh", "email"=>"linh.nguyen.1992"}, "commit"=>"Create User"}
  [1m[35m (0.1ms)[0m  begin transaction
  [1m[36mSQL (30.1ms)[0m  [1mINSERT INTO "users" ("created_at", "email", "name", "updated_at") VALUES (?, ?, ?, ?)[0m  [["created_at", Tue, 25 Jun 2013 02:37:02 UTC +00:00], ["email", "linh.nguyen.1992"], ["name", "linh"], ["updated_at", Tue, 25 Jun 2013 02:37:02 UTC +00:00]]
  [1m[35m (119.7ms)[0m  commit transaction
Redirected to http://localhost:3000/users/1
Completed 302 Found in 158ms (ActiveRecord: 149.9ms)


Started GET "/users/1" for 127.0.0.1 at 2013-06-25 09:37:02 +0700
Processing by UsersController#show as HTML
  Parameters: {"id"=>"1"}
  [1m[36mUser Load (0.4ms)[0m  [1mSELECT "users".* FROM "users" WHERE "users"."id" = ? LIMIT 1[0m  [["id", "1"]]
  Rendered users/show.html.erb within layouts/application (1.6ms)
Completed 200 OK in 11ms (Views: 6.6ms | ActiveRecord: 0.4ms)


Started GET "/assets/users.js?body=1" for 127.0.0.1 at 2013-06-25 09:37:02 +0700
Served asset /users.js - 304 Not Modified (0ms)


Started GET "/assets/users.css?body=1" for 127.0.0.1 at 2013-06-25 09:37:02 +0700
Served asset /users.css - 304 Not Modified (0ms)


Started GET "/assets/scaffolds.css?body=1" for 127.0.0.1 at 2013-06-25 09:37:02 +0700
Served asset /scaffolds.css - 304 Not Modified (0ms)


Started GET "/users/1/edit" for 127.0.0.1 at 2013-06-25 09:37:19 +0700
Processing by UsersController#edit as HTML
  Parameters: {"id"=>"1"}
  [1m[35mUser Load (0.2ms)[0m  SELECT "users".* FROM "users" WHERE "users"."id" = ? LIMIT 1  [["id", "1"]]
  Rendered users/_form.html.erb (2.5ms)
  Rendered users/edit.html.erb within layouts/application (4.1ms)
Completed 200 OK in 12ms (Views: 9.8ms | ActiveRecord: 0.2ms)


Started GET "/assets/scaffolds.css?body=1" for 127.0.0.1 at 2013-06-25 09:37:19 +0700
Served asset /scaffolds.css - 304 Not Modified (0ms)


Started GET "/assets/users.css?body=1" for 127.0.0.1 at 2013-06-25 09:37:19 +0700
Served asset /users.css - 304 Not Modified (0ms)


Started GET "/assets/users.js?body=1" for 127.0.0.1 at 2013-06-25 09:37:19 +0700
Served asset /users.js - 304 Not Modified (0ms)
Connecting to database specified by database.yml
Connecting to database specified by database.yml
  [1m[36m (0.1ms)[0m  [1mSELECT "schema_migrations"."version" FROM "schema_migrations" [0m
Migrating to CreateUsers (20130625023600)
Migrating to CreateMicroposts (20130625024122)
  [1m[35m (0.0ms)[0m  select sqlite_version(*)
  [1m[36m (0.0ms)[0m  [1mbegin transaction[0m
  [1m[35m (0.5ms)[0m  CREATE TABLE "microposts" ("id" INTEGER PRIMARY KEY AUTOINCREMENT NOT NULL, "content" varchar(255), "user_id" integer, "created_at" datetime NOT NULL, "updated_at" datetime NOT NULL) 
  [1m[36m (0.1ms)[0m  [1mINSERT INTO "schema_migrations" ("version") VALUES ('20130625024122')[0m
  [1m[35m (120.0ms)[0m  commit transaction
  [1m[36m (0.5ms)[0m  [1mselect sqlite_version(*)[0m
  [1m[35m (0.2ms)[0m  SELECT "schema_migrations"."version" FROM "schema_migrations" 
  [1m[36m (0.1ms)[0m  [1mPRAGMA index_list("microposts")[0m
  [1m[35m (0.0ms)[0m  PRAGMA index_list("users")


Started GET "/content" for 127.0.0.1 at 2013-06-25 09:42:42 +0700

ActionController::RoutingError (No route matches [GET] "/content"):
  actionpack (3.2.6) lib/action_dispatch/middleware/debug_exceptions.rb:21:in `call'
  actionpack (3.2.6) lib/action_dispatch/middleware/show_exceptions.rb:56:in `call'
  railties (3.2.6) lib/rails/rack/logger.rb:26:in `call_app'
  railties (3.2.6) lib/rails/rack/logger.rb:16:in `call'
  actionpack (3.2.6) lib/action_dispatch/middleware/request_id.rb:22:in `call'
  rack (1.4.5) lib/rack/methodoverride.rb:21:in `call'
  rack (1.4.5) lib/rack/runtime.rb:17:in `call'
  activesupport (3.2.6) lib/active_support/cache/strategy/local_cache.rb:72:in `call'
  rack (1.4.5) lib/rack/lock.rb:15:in `call'
  actionpack (3.2.6) lib/action_dispatch/middleware/static.rb:62:in `call'
  railties (3.2.6) lib/rails/engine.rb:479:in `call'
  railties (3.2.6) lib/rails/application.rb:220:in `call'
  rack (1.4.5) lib/rack/content_length.rb:14:in `call'
  railties (3.2.6) lib/rails/rack/log_tailer.rb:17:in `call'
  rack (1.4.5) lib/rack/handler/webrick.rb:59:in `service'
  /usr/lib/ruby/1.9.1/webrick/httpserver.rb:138:in `service'
  /usr/lib/ruby/1.9.1/webrick/httpserver.rb:94:in `run'
  /usr/lib/ruby/1.9.1/webrick/server.rb:191:in `block in start_thread'


  Rendered /var/lib/gems/1.9.1/gems/actionpack-3.2.6/lib/action_dispatch/middleware/templates/rescues/routing_error.erb within rescues/layout (0.6ms)


Started GET "/micropost" for 127.0.0.1 at 2013-06-25 09:43:03 +0700

ActionController::RoutingError (No route matches [GET] "/micropost"):
  actionpack (3.2.6) lib/action_dispatch/middleware/debug_exceptions.rb:21:in `call'
  actionpack (3.2.6) lib/action_dispatch/middleware/show_exceptions.rb:56:in `call'
  railties (3.2.6) lib/rails/rack/logger.rb:26:in `call_app'
  railties (3.2.6) lib/rails/rack/logger.rb:16:in `call'
  actionpack (3.2.6) lib/action_dispatch/middleware/request_id.rb:22:in `call'
  rack (1.4.5) lib/rack/methodoverride.rb:21:in `call'
  rack (1.4.5) lib/rack/runtime.rb:17:in `call'
  activesupport (3.2.6) lib/active_support/cache/strategy/local_cache.rb:72:in `call'
  rack (1.4.5) lib/rack/lock.rb:15:in `call'
  actionpack (3.2.6) lib/action_dispatch/middleware/static.rb:62:in `call'
  railties (3.2.6) lib/rails/engine.rb:479:in `call'
  railties (3.2.6) lib/rails/application.rb:220:in `call'
  rack (1.4.5) lib/rack/content_length.rb:14:in `call'
  railties (3.2.6) lib/rails/rack/log_tailer.rb:17:in `call'
  rack (1.4.5) lib/rack/handler/webrick.rb:59:in `service'
  /usr/lib/ruby/1.9.1/webrick/httpserver.rb:138:in `service'
  /usr/lib/ruby/1.9.1/webrick/httpserver.rb:94:in `run'
  /usr/lib/ruby/1.9.1/webrick/server.rb:191:in `block in start_thread'


  Rendered /var/lib/gems/1.9.1/gems/actionpack-3.2.6/lib/action_dispatch/middleware/templates/rescues/routing_error.erb within rescues/layout (1.1ms)


Started GET "/microspost" for 127.0.0.1 at 2013-06-25 09:43:07 +0700

ActionController::RoutingError (No route matches [GET] "/microspost"):
  actionpack (3.2.6) lib/action_dispatch/middleware/debug_exceptions.rb:21:in `call'
  actionpack (3.2.6) lib/action_dispatch/middleware/show_exceptions.rb:56:in `call'
  railties (3.2.6) lib/rails/rack/logger.rb:26:in `call_app'
  railties (3.2.6) lib/rails/rack/logger.rb:16:in `call'
  actionpack (3.2.6) lib/action_dispatch/middleware/request_id.rb:22:in `call'
  rack (1.4.5) lib/rack/methodoverride.rb:21:in `call'
  rack (1.4.5) lib/rack/runtime.rb:17:in `call'
  activesupport (3.2.6) lib/active_support/cache/strategy/local_cache.rb:72:in `call'
  rack (1.4.5) lib/rack/lock.rb:15:in `call'
  actionpack (3.2.6) lib/action_dispatch/middleware/static.rb:62:in `call'
  railties (3.2.6) lib/rails/engine.rb:479:in `call'
  railties (3.2.6) lib/rails/application.rb:220:in `call'
  rack (1.4.5) lib/rack/content_length.rb:14:in `call'
  railties (3.2.6) lib/rails/rack/log_tailer.rb:17:in `call'
  rack (1.4.5) lib/rack/handler/webrick.rb:59:in `service'
  /usr/lib/ruby/1.9.1/webrick/httpserver.rb:138:in `service'
  /usr/lib/ruby/1.9.1/webrick/httpserver.rb:94:in `run'
  /usr/lib/ruby/1.9.1/webrick/server.rb:191:in `block in start_thread'


  Rendered /var/lib/gems/1.9.1/gems/actionpack-3.2.6/lib/action_dispatch/middleware/templates/rescues/routing_error.erb within rescues/layout (0.7ms)


Started GET "/microposts" for 127.0.0.1 at 2013-06-25 09:43:18 +0700
Processing by MicropostsController#index as HTML
  [1m[36mMicropost Load (0.1ms)[0m  [1mSELECT "microposts".* FROM "microposts" [0m
  Rendered microposts/index.html.erb within layouts/application (1.0ms)
Compiled microposts.css  (1ms)  (pid 5197)
Compiled application.css  (7ms)  (pid 5197)
Compiled microposts.js  (160ms)  (pid 5197)
Compiled application.js  (170ms)  (pid 5197)
Completed 200 OK in 257ms (Views: 254.2ms | ActiveRecord: 0.6ms)


Started GET "/assets/microposts.css?body=1" for 127.0.0.1 at 2013-06-25 09:43:18 +0700
Served asset /microposts.css - 200 OK (2ms)


Started GET "/assets/microposts.js?body=1" for 127.0.0.1 at 2013-06-25 09:43:18 +0700
Served asset /microposts.js - 200 OK (2ms)


Started GET "/assets/application.css?body=1" for 127.0.0.1 at 2013-06-25 09:43:19 +0700
Served asset /application.css - 304 Not Modified (12ms)


Started GET "/assets/scaffolds.css?body=1" for 127.0.0.1 at 2013-06-25 09:43:19 +0700
Served asset /scaffolds.css - 304 Not Modified (0ms)


Started GET "/assets/users.js?body=1" for 127.0.0.1 at 2013-06-25 09:43:19 +0700
Served asset /users.js - 304 Not Modified (0ms)


Started GET "/assets/users.css?body=1" for 127.0.0.1 at 2013-06-25 09:43:19 +0700
Served asset /users.css - 304 Not Modified (0ms)


Started GET "/assets/application.js?body=1" for 127.0.0.1 at 2013-06-25 09:43:19 +0700
Served asset /application.js - 304 Not Modified (11ms)


Started GET "/microposts/new" for 127.0.0.1 at 2013-06-25 09:43:22 +0700
Processing by MicropostsController#new as HTML
  Rendered microposts/_form.html.erb (3.8ms)
  Rendered microposts/new.html.erb within layouts/application (5.0ms)
Completed 200 OK in 22ms (Views: 11.4ms | ActiveRecord: 0.0ms)


Started GET "/assets/application.css?body=1" for 127.0.0.1 at 2013-06-25 09:43:22 +0700
Served asset /application.css - 304 Not Modified (13ms)


Started GET "/assets/scaffolds.css?body=1" for 127.0.0.1 at 2013-06-25 09:43:22 +0700
Served asset /scaffolds.css - 304 Not Modified (0ms)


Started GET "/assets/users.css?body=1" for 127.0.0.1 at 2013-06-25 09:43:22 +0700
Served asset /users.css - 304 Not Modified (0ms)


Started GET "/assets/application.js?body=1" for 127.0.0.1 at 2013-06-25 09:43:22 +0700
Served asset /application.js - 304 Not Modified (3ms)


Started GET "/assets/users.js?body=1" for 127.0.0.1 at 2013-06-25 09:43:22 +0700
Served asset /users.js - 304 Not Modified (0ms)


Started POST "/microposts" for 127.0.0.1 at 2013-06-25 09:43:30 +0700
Processing by MicropostsController#create as HTML
  Parameters: {"utf8"=>"✓", "authenticity_token"=>"z060sdlt3WbcabKv8VLDKSDzhabJTZhxCzDCxPvAffY=", "micropost"=>{"content"=>"kfkdjfkjsdkf", "user_id"=>"1"}, "commit"=>"Create Micropost"}
  [1m[35m (0.2ms)[0m  begin transaction
  [1m[36mSQL (0.7ms)[0m  [1mINSERT INTO "microposts" ("content", "created_at", "updated_at", "user_id") VALUES (?, ?, ?, ?)[0m  [["content", "kfkdjfkjsdkf"], ["created_at", Tue, 25 Jun 2013 02:43:30 UTC +00:00], ["updated_at", Tue, 25 Jun 2013 02:43:30 UTC +00:00], ["user_id", 1]]
  [1m[35m (170.4ms)[0m  commit transaction
Redirected to http://localhost:3000/microposts/1
Completed 302 Found in 179ms (ActiveRecord: 171.3ms)


Started GET "/microposts/1" for 127.0.0.1 at 2013-06-25 09:43:31 +0700
Processing by MicropostsController#show as HTML
  Parameters: {"id"=>"1"}
  [1m[36mMicropost Load (0.3ms)[0m  [1mSELECT "microposts".* FROM "microposts" WHERE "microposts"."id" = ? LIMIT 1[0m  [["id", "1"]]
  Rendered microposts/show.html.erb within layouts/application (1.3ms)
Completed 200 OK in 9ms (Views: 7.6ms | ActiveRecord: 0.3ms)


Started GET "/assets/application.css?body=1" for 127.0.0.1 at 2013-06-25 09:43:31 +0700
Served asset /application.css - 304 Not Modified (9ms)


Started GET "/assets/microposts.css?body=1" for 127.0.0.1 at 2013-06-25 09:43:31 +0700
Served asset /microposts.css - 304 Not Modified (0ms)


Started GET "/assets/scaffolds.css?body=1" for 127.0.0.1 at 2013-06-25 09:43:31 +0700
Served asset /scaffolds.css - 304 Not Modified (0ms)


Started GET "/assets/users.js?body=1" for 127.0.0.1 at 2013-06-25 09:43:31 +0700
Served asset /users.js - 304 Not Modified (0ms)


Started GET "/assets/users.css?body=1" for 127.0.0.1 at 2013-06-25 09:43:31 +0700
Served asset /users.css - 304 Not Modified (0ms)


Started GET "/assets/microposts.js?body=1" for 127.0.0.1 at 2013-06-25 09:43:31 +0700
Served asset /microposts.js - 304 Not Modified (0ms)


Started GET "/assets/application.js?body=1" for 127.0.0.1 at 2013-06-25 09:43:31 +0700
Served asset /application.js - 304 Not Modified (3ms)


Started GET "/microposts/1/edit" for 127.0.0.1 at 2013-06-25 09:43:33 +0700
Processing by MicropostsController#edit as HTML
  Parameters: {"id"=>"1"}
  [1m[35mMicropost Load (0.1ms)[0m  SELECT "microposts".* FROM "microposts" WHERE "microposts"."id" = ? LIMIT 1  [["id", "1"]]
  Rendered microposts/_form.html.erb (4.8ms)
  Rendered microposts/edit.html.erb within layouts/application (7.6ms)
Completed 200 OK in 17ms (Views: 15.2ms | ActiveRecord: 0.1ms)


Started GET "/assets/application.css?body=1" for 127.0.0.1 at 2013-06-25 09:43:33 +0700
Served asset /application.css - 304 Not Modified (8ms)


Started GET "/assets/scaffolds.css?body=1" for 127.0.0.1 at 2013-06-25 09:43:33 +0700
Served asset /scaffolds.css - 304 Not Modified (0ms)


Started GET "/assets/microposts.css?body=1" for 127.0.0.1 at 2013-06-25 09:43:33 +0700
Served asset /microposts.css - 304 Not Modified (0ms)


Started GET "/assets/microposts.js?body=1" for 127.0.0.1 at 2013-06-25 09:43:33 +0700
Served asset /microposts.js - 304 Not Modified (0ms)


Started GET "/assets/users.css?body=1" for 127.0.0.1 at 2013-06-25 09:43:33 +0700
Served asset /users.css - 304 Not Modified (0ms)


Started GET "/assets/users.js?body=1" for 127.0.0.1 at 2013-06-25 09:43:33 +0700
Served asset /users.js - 304 Not Modified (0ms)


Started GET "/assets/application.js?body=1" for 127.0.0.1 at 2013-06-25 09:43:33 +0700
Served asset /application.js - 304 Not Modified (2ms)


Started PUT "/microposts/1" for 127.0.0.1 at 2013-06-25 09:43:36 +0700
Processing by MicropostsController#update as HTML
  Parameters: {"utf8"=>"✓", "authenticity_token"=>"z060sdlt3WbcabKv8VLDKSDzhabJTZhxCzDCxPvAffY=", "micropost"=>{"content"=>"kfkdjfkjsdkf", "user_id"=>"2"}, "commit"=>"Update Micropost", "id"=>"1"}
  [1m[36mMicropost Load (0.2ms)[0m  [1mSELECT "microposts".* FROM "microposts" WHERE "microposts"."id" = ? LIMIT 1[0m  [["id", "1"]]
  [1m[35m (0.1ms)[0m  begin transaction
  [1m[36m (0.4ms)[0m  [1mUPDATE "microposts" SET "user_id" = 2, "updated_at" = '2013-06-25 02:43:36.997270' WHERE "microposts"."id" = 1[0m
  [1m[35m (142.5ms)[0m  commit transaction
Redirected to http://localhost:3000/microposts/1
Completed 302 Found in 151ms (ActiveRecord: 143.2ms)


Started GET "/microposts/1" for 127.0.0.1 at 2013-06-25 09:43:37 +0700
Processing by MicropostsController#show as HTML
  Parameters: {"id"=>"1"}
  [1m[36mMicropost Load (0.2ms)[0m  [1mSELECT "microposts".* FROM "microposts" WHERE "microposts"."id" = ? LIMIT 1[0m  [["id", "1"]]
  Rendered microposts/show.html.erb within layouts/application (1.2ms)
Completed 200 OK in 14ms (Views: 12.5ms | ActiveRecord: 0.2ms)


Started GET "/assets/application.css?body=1" for 127.0.0.1 at 2013-06-25 09:43:37 +0700
Served asset /application.css - 304 Not Modified (5ms)


Started GET "/assets/users.css?body=1" for 127.0.0.1 at 2013-06-25 09:43:37 +0700
Served asset /users.css - 304 Not Modified (0ms)


Started GET "/assets/microposts.js?body=1" for 127.0.0.1 at 2013-06-25 09:43:37 +0700
Served asset /microposts.js - 304 Not Modified (0ms)


Started GET "/assets/scaffolds.css?body=1" for 127.0.0.1 at 2013-06-25 09:43:37 +0700
Served asset /scaffolds.css - 304 Not Modified (0ms)


Started GET "/assets/users.js?body=1" for 127.0.0.1 at 2013-06-25 09:43:37 +0700
Served asset /users.js - 304 Not Modified (0ms)


Started GET "/assets/microposts.css?body=1" for 127.0.0.1 at 2013-06-25 09:43:37 +0700
Served asset /microposts.css - 304 Not Modified (1ms)


Started GET "/assets/application.js?body=1" for 127.0.0.1 at 2013-06-25 09:43:37 +0700
Served asset /application.js - 304 Not Modified (2ms)


Started GET "/microposts/1/edit" for 127.0.0.1 at 2013-06-25 09:48:34 +0700

ActionController::RoutingError (undefined local variable or method `length' for #<Class:0xa3f6844>):
  app/models/micropost.rb:3:in `<class:Micropost>'
  app/models/micropost.rb:1:in `<top (required)>'
  app/controllers/microposts_controller.rb:1:in `<top (required)>'


  Rendered /var/lib/gems/1.9.1/gems/actionpack-3.2.6/lib/action_dispatch/middleware/templates/rescues/routing_error.erb within rescues/layout (0.7ms)


Started GET "/microposts/1/edit" for 127.0.0.1 at 2013-06-25 09:48:53 +0700
Processing by MicropostsController#edit as HTML
  Parameters: {"id"=>"1"}
  [1m[35mMicropost Load (0.1ms)[0m  SELECT "microposts".* FROM "microposts" WHERE "microposts"."id" = ? LIMIT 1  [["id", "1"]]
  Rendered microposts/_form.html.erb (3.3ms)
  Rendered microposts/edit.html.erb within layouts/application (4.3ms)
Completed 200 OK in 19ms (Views: 11.0ms | ActiveRecord: 0.6ms)


Started GET "/assets/application.css?body=1" for 127.0.0.1 at 2013-06-25 09:48:53 +0700
Served asset /application.css - 304 Not Modified (15ms)


Started GET "/assets/scaffolds.css?body=1" for 127.0.0.1 at 2013-06-25 09:48:53 +0700
Served asset /scaffolds.css - 304 Not Modified (0ms)


Started GET "/assets/users.js?body=1" for 127.0.0.1 at 2013-06-25 09:48:53 +0700
Served asset /users.js - 304 Not Modified (0ms)


Started GET "/assets/users.css?body=1" for 127.0.0.1 at 2013-06-25 09:48:53 +0700
Served asset /users.css - 304 Not Modified (0ms)


Started GET "/assets/microposts.css?body=1" for 127.0.0.1 at 2013-06-25 09:48:53 +0700
Served asset /microposts.css - 304 Not Modified (0ms)


Started GET "/assets/microposts.js?body=1" for 127.0.0.1 at 2013-06-25 09:48:53 +0700
Served asset /microposts.js - 304 Not Modified (0ms)


Started GET "/assets/application.js?body=1" for 127.0.0.1 at 2013-06-25 09:48:53 +0700
Served asset /application.js - 304 Not Modified (3ms)


Started PUT "/microposts/1" for 127.0.0.1 at 2013-06-25 09:49:03 +0700
Processing by MicropostsController#update as HTML
  Parameters: {"utf8"=>"✓", "authenticity_token"=>"z060sdlt3WbcabKv8VLDKSDzhabJTZhxCzDCxPvAffY=", "micropost"=>{"content"=>"kfkdjfkjsdkfkkkkkkkkkkkkkkkkkkkkkkkkkkkkkkkkkkkkkkkkkkkkkkkkkkkkkkkkkkkkkkkkkkkkkkkkkkkkkkkkkkkkkkkkkkkkkkkkkkkkkkkkkkkkkkkkkkkkkkkkkkkkkkkkkkkkkkkkkkkkkkkkkkkkkkkkkkkkkkkkkkkkkkkkkkkkkkkkkkkkkkkkkkkkkkkkkkkkkk", "user_id"=>"2"}, "commit"=>"Update Micropost", "id"=>"1"}
  [1m[36mMicropost Load (0.2ms)[0m  [1mSELECT "microposts".* FROM "microposts" WHERE "microposts"."id" = ? LIMIT 1[0m  [["id", "1"]]
  [1m[35m (0.1ms)[0m  begin transaction
  [1m[36m (0.1ms)[0m  [1mrollback transaction[0m
  Rendered microposts/_form.html.erb (3.5ms)
  Rendered microposts/edit.html.erb within layouts/application (4.6ms)
Completed 200 OK in 17ms (Views: 10.9ms | ActiveRecord: 0.4ms)


Started GET "/assets/application.css?body=1" for 127.0.0.1 at 2013-06-25 09:49:04 +0700
Served asset /application.css - 304 Not Modified (10ms)


Started GET "/assets/microposts.css?body=1" for 127.0.0.1 at 2013-06-25 09:49:04 +0700
Served asset /microposts.css - 304 Not Modified (0ms)


Started GET "/assets/scaffolds.css?body=1" for 127.0.0.1 at 2013-06-25 09:49:04 +0700
Served asset /scaffolds.css - 304 Not Modified (0ms)


Started GET "/assets/microposts.js?body=1" for 127.0.0.1 at 2013-06-25 09:49:04 +0700
Served asset /microposts.js - 304 Not Modified (0ms)


Started GET "/assets/users.js?body=1" for 127.0.0.1 at 2013-06-25 09:49:04 +0700
Served asset /users.js - 304 Not Modified (0ms)


Started GET "/assets/users.css?body=1" for 127.0.0.1 at 2013-06-25 09:49:04 +0700
Served asset /users.css - 304 Not Modified (0ms)


Started GET "/assets/application.js?body=1" for 127.0.0.1 at 2013-06-25 09:49:04 +0700
Served asset /application.js - 304 Not Modified (3ms)


Started PUT "/microposts/1" for 127.0.0.1 at 2013-06-25 09:49:24 +0700
Processing by MicropostsController#update as HTML
  Parameters: {"utf8"=>"✓", "authenticity_token"=>"z060sdlt3WbcabKv8VLDKSDzhabJTZhxCzDCxPvAffY=", "micropost"=>{"content"=>"sdfsdfds", "user_id"=>"2"}, "commit"=>"Update Micropost", "id"=>"1"}
  [1m[35mMicropost Load (0.2ms)[0m  SELECT "microposts".* FROM "microposts" WHERE "microposts"."id" = ? LIMIT 1  [["id", "1"]]
  [1m[36m (0.1ms)[0m  [1mbegin transaction[0m
  [1m[35m (0.3ms)[0m  UPDATE "microposts" SET "content" = 'sdfsdfds', "updated_at" = '2013-06-25 02:49:24.553109' WHERE "microposts"."id" = 1
  [1m[36m (166.9ms)[0m  [1mcommit transaction[0m
Redirected to http://localhost:3000/microposts/1
Completed 302 Found in 174ms (ActiveRecord: 167.5ms)


Started GET "/microposts/1" for 127.0.0.1 at 2013-06-25 09:49:24 +0700
Processing by MicropostsController#show as HTML
  Parameters: {"id"=>"1"}
  [1m[35mMicropost Load (0.2ms)[0m  SELECT "microposts".* FROM "microposts" WHERE "microposts"."id" = ? LIMIT 1  [["id", "1"]]
  Rendered microposts/show.html.erb within layouts/application (1.4ms)
Completed 200 OK in 13ms (Views: 11.0ms | ActiveRecord: 0.2ms)


Started GET "/assets/application.css?body=1" for 127.0.0.1 at 2013-06-25 09:49:24 +0700
Served asset /application.css - 304 Not Modified (11ms)


Started GET "/assets/microposts.css?body=1" for 127.0.0.1 at 2013-06-25 09:49:24 +0700
Served asset /microposts.css - 304 Not Modified (0ms)


Started GET "/assets/microposts.js?body=1" for 127.0.0.1 at 2013-06-25 09:49:24 +0700
Served asset /microposts.js - 304 Not Modified (0ms)


Started GET "/assets/users.css?body=1" for 127.0.0.1 at 2013-06-25 09:49:24 +0700
Served asset /users.css - 304 Not Modified (30ms)


Started GET "/assets/scaffolds.css?body=1" for 127.0.0.1 at 2013-06-25 09:49:24 +0700
Served asset /scaffolds.css - 304 Not Modified (0ms)


Started GET "/assets/users.js?body=1" for 127.0.0.1 at 2013-06-25 09:49:24 +0700
Served asset /users.js - 304 Not Modified (0ms)


Started GET "/assets/application.js?body=1" for 127.0.0.1 at 2013-06-25 09:49:24 +0700
Served asset /application.js - 304 Not Modified (2ms)


Started GET "/microposts/1/edit" for 127.0.0.1 at 2013-06-25 09:49:27 +0700
Processing by MicropostsController#edit as HTML
  Parameters: {"id"=>"1"}
  [1m[36mMicropost Load (0.1ms)[0m  [1mSELECT "microposts".* FROM "microposts" WHERE "microposts"."id" = ? LIMIT 1[0m  [["id", "1"]]
  Rendered microposts/_form.html.erb (2.7ms)
  Rendered microposts/edit.html.erb within layouts/application (3.6ms)
Completed 200 OK in 11ms (Views: 10.0ms | ActiveRecord: 0.1ms)


Started GET "/assets/application.css?body=1" for 127.0.0.1 at 2013-06-25 09:49:27 +0700
Served asset /application.css - 304 Not Modified (12ms)


Started GET "/assets/microposts.js?body=1" for 127.0.0.1 at 2013-06-25 09:49:27 +0700
Served asset /microposts.js - 304 Not Modified (0ms)


Started GET "/assets/microposts.css?body=1" for 127.0.0.1 at 2013-06-25 09:49:27 +0700
Served asset /microposts.css - 304 Not Modified (0ms)


Started GET "/assets/scaffolds.css?body=1" for 127.0.0.1 at 2013-06-25 09:49:27 +0700
Served asset /scaffolds.css - 304 Not Modified (3ms)


Started GET "/assets/users.css?body=1" for 127.0.0.1 at 2013-06-25 09:49:27 +0700
Served asset /users.css - 304 Not Modified (0ms)


Started GET "/assets/users.js?body=1" for 127.0.0.1 at 2013-06-25 09:49:27 +0700
Served asset /users.js - 304 Not Modified (0ms)


Started GET "/assets/application.js?body=1" for 127.0.0.1 at 2013-06-25 09:49:27 +0700
Served asset /application.js - 304 Not Modified (3ms)


Started PUT "/microposts/1" for 127.0.0.1 at 2013-06-25 09:49:29 +0700
Processing by MicropostsController#update as HTML
  Parameters: {"utf8"=>"✓", "authenticity_token"=>"z060sdlt3WbcabKv8VLDKSDzhabJTZhxCzDCxPvAffY=", "micropost"=>{"content"=>"sdfsdfds", "user_id"=>"1"}, "commit"=>"Update Micropost", "id"=>"1"}
  [1m[35mMicropost Load (0.2ms)[0m  SELECT "microposts".* FROM "microposts" WHERE "microposts"."id" = ? LIMIT 1  [["id", "1"]]
  [1m[36m (0.2ms)[0m  [1mbegin transaction[0m
  [1m[35m (0.4ms)[0m  UPDATE "microposts" SET "user_id" = 1, "updated_at" = '2013-06-25 02:49:29.872573' WHERE "microposts"."id" = 1
  [1m[36m (156.2ms)[0m  [1mcommit transaction[0m
Redirected to http://localhost:3000/microposts/1
Completed 302 Found in 163ms (ActiveRecord: 156.9ms)


Started GET "/microposts/1" for 127.0.0.1 at 2013-06-25 09:49:30 +0700
Processing by MicropostsController#show as HTML
  Parameters: {"id"=>"1"}
  [1m[35mMicropost Load (0.2ms)[0m  SELECT "microposts".* FROM "microposts" WHERE "microposts"."id" = ? LIMIT 1  [["id", "1"]]
  Rendered microposts/show.html.erb within layouts/application (1.2ms)
Completed 200 OK in 11ms (Views: 9.7ms | ActiveRecord: 0.2ms)


Started GET "/assets/application.css?body=1" for 127.0.0.1 at 2013-06-25 09:49:30 +0700
Served asset /application.css - 304 Not Modified (11ms)


Started GET "/assets/microposts.css?body=1" for 127.0.0.1 at 2013-06-25 09:49:30 +0700
Served asset /microposts.css - 304 Not Modified (0ms)


Started GET "/assets/microposts.js?body=1" for 127.0.0.1 at 2013-06-25 09:49:30 +0700
Served asset /microposts.js - 304 Not Modified (0ms)


Started GET "/assets/scaffolds.css?body=1" for 127.0.0.1 at 2013-06-25 09:49:30 +0700
Served asset /scaffolds.css - 304 Not Modified (4ms)


Started GET "/assets/users.js?body=1" for 127.0.0.1 at 2013-06-25 09:49:30 +0700
Served asset /users.js - 304 Not Modified (0ms)


Started GET "/assets/users.css?body=1" for 127.0.0.1 at 2013-06-25 09:49:30 +0700
Served asset /users.css - 304 Not Modified (0ms)


Started GET "/assets/application.js?body=1" for 127.0.0.1 at 2013-06-25 09:49:30 +0700
Served asset /application.js - 304 Not Modified (3ms)


Started GET "/microposts" for 127.0.0.1 at 2013-06-25 09:49:32 +0700
Processing by MicropostsController#index as HTML
  [1m[36mMicropost Load (0.3ms)[0m  [1mSELECT "microposts".* FROM "microposts" [0m
  Rendered microposts/index.html.erb within layouts/application (2.7ms)
Completed 200 OK in 15ms (Views: 12.2ms | ActiveRecord: 0.3ms)


Started GET "/assets/application.css?body=1" for 127.0.0.1 at 2013-06-25 09:49:32 +0700
Served asset /application.css - 304 Not Modified (8ms)


Started GET "/assets/microposts.js?body=1" for 127.0.0.1 at 2013-06-25 09:49:32 +0700
Served asset /microposts.js - 304 Not Modified (0ms)


Started GET "/assets/microposts.css?body=1" for 127.0.0.1 at 2013-06-25 09:49:32 +0700
Served asset /microposts.css - 304 Not Modified (1ms)


Started GET "/assets/scaffolds.css?body=1" for 127.0.0.1 at 2013-06-25 09:49:32 +0700
Served asset /scaffolds.css - 304 Not Modified (0ms)


Started GET "/assets/users.css?body=1" for 127.0.0.1 at 2013-06-25 09:49:32 +0700
Served asset /users.css - 304 Not Modified (0ms)


Started GET "/assets/users.js?body=1" for 127.0.0.1 at 2013-06-25 09:49:32 +0700
Served asset /users.js - 304 Not Modified (0ms)


Started GET "/assets/application.js?body=1" for 127.0.0.1 at 2013-06-25 09:49:32 +0700
Served asset /application.js - 304 Not Modified (1ms)


Started GET "/microposts/new" for 127.0.0.1 at 2013-06-25 09:49:33 +0700
Processing by MicropostsController#new as HTML
  Rendered microposts/_form.html.erb (4.5ms)
  Rendered microposts/new.html.erb within layouts/application (5.9ms)
Completed 200 OK in 15ms (Views: 13.7ms | ActiveRecord: 0.0ms)


Started GET "/assets/application.css?body=1" for 127.0.0.1 at 2013-06-25 09:49:33 +0700
Served asset /application.css - 304 Not Modified (41ms)


Started GET "/assets/microposts.css?body=1" for 127.0.0.1 at 2013-06-25 09:49:33 +0700
Served asset /microposts.css - 304 Not Modified (3ms)


Started GET "/assets/users.css?body=1" for 127.0.0.1 at 2013-06-25 09:49:33 +0700
Served asset /users.css - 304 Not Modified (5ms)


Started GET "/assets/microposts.js?body=1" for 127.0.0.1 at 2013-06-25 09:49:33 +0700
Served asset /microposts.js - 304 Not Modified (0ms)


Started GET "/assets/scaffolds.css?body=1" for 127.0.0.1 at 2013-06-25 09:49:33 +0700
Served asset /scaffolds.css - 304 Not Modified (0ms)


Started GET "/assets/users.js?body=1" for 127.0.0.1 at 2013-06-25 09:49:33 +0700
Served asset /users.js - 304 Not Modified (0ms)


Started GET "/assets/application.js?body=1" for 127.0.0.1 at 2013-06-25 09:49:33 +0700
Served asset /application.js - 304 Not Modified (2ms)


Started POST "/microposts" for 127.0.0.1 at 2013-06-25 09:49:37 +0700
Processing by MicropostsController#create as HTML
  Parameters: {"utf8"=>"✓", "authenticity_token"=>"z060sdlt3WbcabKv8VLDKSDzhabJTZhxCzDCxPvAffY=", "micropost"=>{"content"=>"sdasd", "user_id"=>"1"}, "commit"=>"Create Micropost"}
  [1m[35m (0.1ms)[0m  begin transaction
  [1m[36mSQL (0.6ms)[0m  [1mINSERT INTO "microposts" ("content", "created_at", "updated_at", "user_id") VALUES (?, ?, ?, ?)[0m  [["content", "sdasd"], ["created_at", Tue, 25 Jun 2013 02:49:37 UTC +00:00], ["updated_at", Tue, 25 Jun 2013 02:49:37 UTC +00:00], ["user_id", 1]]
  [1m[35m (156.9ms)[0m  commit transaction
Redirected to http://localhost:3000/microposts/2
Completed 302 Found in 163ms (ActiveRecord: 157.7ms)


Started GET "/microposts/2" for 127.0.0.1 at 2013-06-25 09:49:37 +0700
Processing by MicropostsController#show as HTML
  Parameters: {"id"=>"2"}
  [1m[36mMicropost Load (0.1ms)[0m  [1mSELECT "microposts".* FROM "microposts" WHERE "microposts"."id" = ? LIMIT 1[0m  [["id", "2"]]
  Rendered microposts/show.html.erb within layouts/application (0.8ms)
Completed 200 OK in 9ms (Views: 8.3ms | ActiveRecord: 0.1ms)


Started GET "/assets/application.css?body=1" for 127.0.0.1 at 2013-06-25 09:49:37 +0700
Served asset /application.css - 304 Not Modified (11ms)


Started GET "/assets/scaffolds.css?body=1" for 127.0.0.1 at 2013-06-25 09:49:37 +0700
Served asset /scaffolds.css - 304 Not Modified (0ms)


Started GET "/assets/microposts.js?body=1" for 127.0.0.1 at 2013-06-25 09:49:37 +0700
Served asset /microposts.js - 304 Not Modified (0ms)


Started GET "/assets/users.css?body=1" for 127.0.0.1 at 2013-06-25 09:49:37 +0700
Served asset /users.css - 304 Not Modified (0ms)


Started GET "/assets/users.js?body=1" for 127.0.0.1 at 2013-06-25 09:49:37 +0700
Served asset /users.js - 304 Not Modified (0ms)


Started GET "/assets/microposts.css?body=1" for 127.0.0.1 at 2013-06-25 09:49:37 +0700
Served asset /microposts.css - 304 Not Modified (0ms)


Started GET "/assets/application.js?body=1" for 127.0.0.1 at 2013-06-25 09:49:37 +0700
Served asset /application.js - 304 Not Modified (1ms)


Started GET "/microposts" for 127.0.0.1 at 2013-06-25 09:49:39 +0700
Processing by MicropostsController#index as HTML
  [1m[35mMicropost Load (0.3ms)[0m  SELECT "microposts".* FROM "microposts" 
  Rendered microposts/index.html.erb within layouts/application (3.9ms)
Completed 200 OK in 15ms (Views: 13.0ms | ActiveRecord: 0.3ms)


Started GET "/assets/application.css?body=1" for 127.0.0.1 at 2013-06-25 09:49:39 +0700
Served asset /application.css - 304 Not Modified (6ms)


Started GET "/assets/users.js?body=1" for 127.0.0.1 at 2013-06-25 09:49:39 +0700
Served asset /users.js - 304 Not Modified (0ms)


Started GET "/assets/users.css?body=1" for 127.0.0.1 at 2013-06-25 09:49:39 +0700
Served asset /users.css - 304 Not Modified (0ms)


Started GET "/assets/scaffolds.css?body=1" for 127.0.0.1 at 2013-06-25 09:49:39 +0700
Served asset /scaffolds.css - 304 Not Modified (0ms)


Started GET "/assets/microposts.css?body=1" for 127.0.0.1 at 2013-06-25 09:49:39 +0700
Served asset /microposts.css - 304 Not Modified (0ms)


Started GET "/assets/microposts.js?body=1" for 127.0.0.1 at 2013-06-25 09:49:39 +0700
Served asset /microposts.js - 304 Not Modified (0ms)


Started GET "/assets/application.js?body=1" for 127.0.0.1 at 2013-06-25 09:49:39 +0700
Served asset /application.js - 304 Not Modified (3ms)


Started GET "/microposts/new" for 127.0.0.1 at 2013-06-25 09:52:05 +0700

SyntaxError (/home/linh/rails_projects/demo_app/app/models/micropost.rb:3: syntax error, unexpected ':', expecting keyword_end
  belongs_to: :user
             ^):
  app/controllers/microposts_controller.rb:1:in `<top (required)>'


  Rendered /var/lib/gems/1.9.1/gems/actionpack-3.2.6/lib/action_dispatch/middleware/templates/rescues/_trace.erb (4.6ms)
  Rendered /var/lib/gems/1.9.1/gems/actionpack-3.2.6/lib/action_dispatch/middleware/templates/rescues/_request_and_response.erb (2.2ms)
  Rendered /var/lib/gems/1.9.1/gems/actionpack-3.2.6/lib/action_dispatch/middleware/templates/rescues/diagnostics.erb within rescues/layout (26.7ms)


Started GET "/microposts/new" for 127.0.0.1 at 2013-06-25 09:52:26 +0700
Processing by MicropostsController#new as HTML
  Rendered microposts/_form.html.erb (3.1ms)
  Rendered microposts/new.html.erb within layouts/application (3.8ms)
Completed 200 OK in 45ms (Views: 10.4ms | ActiveRecord: 0.5ms)


Started GET "/assets/application.css?body=1" for 127.0.0.1 at 2013-06-25 09:52:26 +0700
Served asset /application.css - 304 Not Modified (9ms)


Started GET "/assets/microposts.css?body=1" for 127.0.0.1 at 2013-06-25 09:52:26 +0700
Served asset /microposts.css - 304 Not Modified (0ms)


Started GET "/assets/scaffolds.css?body=1" for 127.0.0.1 at 2013-06-25 09:52:26 +0700
Served asset /scaffolds.css - 304 Not Modified (0ms)


Started GET "/assets/users.css?body=1" for 127.0.0.1 at 2013-06-25 09:52:26 +0700
Served asset /users.css - 304 Not Modified (0ms)


Started GET "/assets/microposts.js?body=1" for 127.0.0.1 at 2013-06-25 09:52:26 +0700
Served asset /microposts.js - 304 Not Modified (0ms)


Started GET "/assets/users.js?body=1" for 127.0.0.1 at 2013-06-25 09:52:26 +0700
Served asset /users.js - 304 Not Modified (0ms)


Started GET "/assets/application.js?body=1" for 127.0.0.1 at 2013-06-25 09:52:26 +0700
Served asset /application.js - 304 Not Modified (1ms)


Started POST "/microposts" for 127.0.0.1 at 2013-06-25 09:52:30 +0700
Processing by MicropostsController#create as HTML
  Parameters: {"utf8"=>"✓", "authenticity_token"=>"z060sdlt3WbcabKv8VLDKSDzhabJTZhxCzDCxPvAffY=", "micropost"=>{"content"=>"ddsfsdf", "user_id"=>"1"}, "commit"=>"Create Micropost"}
  [1m[36m (0.1ms)[0m  [1mbegin transaction[0m
  [1m[35mSQL (1.0ms)[0m  INSERT INTO "microposts" ("content", "created_at", "updated_at", "user_id") VALUES (?, ?, ?, ?)  [["content", "ddsfsdf"], ["created_at", Tue, 25 Jun 2013 02:52:30 UTC +00:00], ["updated_at", Tue, 25 Jun 2013 02:52:30 UTC +00:00], ["user_id", 1]]
  [1m[36m (155.9ms)[0m  [1mcommit transaction[0m
Redirected to http://localhost:3000/microposts/3
Completed 302 Found in 164ms (ActiveRecord: 157.0ms)


Started GET "/microposts/3" for 127.0.0.1 at 2013-06-25 09:52:30 +0700
Processing by MicropostsController#show as HTML
  Parameters: {"id"=>"3"}
  [1m[35mMicropost Load (0.4ms)[0m  SELECT "microposts".* FROM "microposts" WHERE "microposts"."id" = ? LIMIT 1  [["id", "3"]]
  Rendered microposts/show.html.erb within layouts/application (1.4ms)
Completed 200 OK in 14ms (Views: 10.9ms | ActiveRecord: 0.4ms)


Started GET "/assets/application.css?body=1" for 127.0.0.1 at 2013-06-25 09:52:30 +0700
Served asset /application.css - 304 Not Modified (8ms)


Started GET "/assets/microposts.css?body=1" for 127.0.0.1 at 2013-06-25 09:52:30 +0700
Served asset /microposts.css - 304 Not Modified (0ms)


Started GET "/assets/scaffolds.css?body=1" for 127.0.0.1 at 2013-06-25 09:52:30 +0700
Served asset /scaffolds.css - 304 Not Modified (0ms)


Started GET "/assets/microposts.js?body=1" for 127.0.0.1 at 2013-06-25 09:52:30 +0700
Served asset /microposts.js - 304 Not Modified (0ms)


Started GET "/assets/users.css?body=1" for 127.0.0.1 at 2013-06-25 09:52:30 +0700
Served asset /users.css - 304 Not Modified (0ms)


Started GET "/assets/users.js?body=1" for 127.0.0.1 at 2013-06-25 09:52:30 +0700
Served asset /users.js - 304 Not Modified (0ms)


Started GET "/assets/application.js?body=1" for 127.0.0.1 at 2013-06-25 09:52:30 +0700
Served asset /application.js - 304 Not Modified (2ms)


Started GET "/microposts" for 127.0.0.1 at 2013-06-25 09:52:33 +0700
Processing by MicropostsController#index as HTML
  [1m[36mMicropost Load (0.2ms)[0m  [1mSELECT "microposts".* FROM "microposts" [0m
  Rendered microposts/index.html.erb within layouts/application (5.6ms)
Completed 200 OK in 15ms (Views: 13.6ms | ActiveRecord: 0.2ms)


Started GET "/assets/application.css?body=1" for 127.0.0.1 at 2013-06-25 09:52:33 +0700
Served asset /application.css - 304 Not Modified (6ms)


Started GET "/assets/scaffolds.css?body=1" for 127.0.0.1 at 2013-06-25 09:52:33 +0700
Served asset /scaffolds.css - 304 Not Modified (0ms)


Started GET "/assets/microposts.css?body=1" for 127.0.0.1 at 2013-06-25 09:52:33 +0700
Served asset /microposts.css - 304 Not Modified (0ms)


Started GET "/assets/users.css?body=1" for 127.0.0.1 at 2013-06-25 09:52:33 +0700
Served asset /users.css - 304 Not Modified (2ms)


Started GET "/assets/users.js?body=1" for 127.0.0.1 at 2013-06-25 09:52:33 +0700
Served asset /users.js - 304 Not Modified (0ms)


Started GET "/assets/microposts.js?body=1" for 127.0.0.1 at 2013-06-25 09:52:34 +0700
Served asset /microposts.js - 304 Not Modified (0ms)


Started GET "/assets/application.js?body=1" for 127.0.0.1 at 2013-06-25 09:52:34 +0700
Served asset /application.js - 304 Not Modified (2ms)
Connecting to database specified by database.yml


Started GET "/microposts" for 127.0.0.1 at 2013-06-25 09:53:44 +0700
Processing by MicropostsController#index as HTML
  [1m[35mMicropost Load (0.1ms)[0m  SELECT "microposts".* FROM "microposts" 
  Rendered microposts/index.html.erb within layouts/application (3.7ms)
Completed 200 OK in 50ms (Views: 10.6ms | ActiveRecord: 0.9ms)


Started GET "/assets/application.css?body=1" for 127.0.0.1 at 2013-06-25 09:53:44 +0700
Served asset /application.css - 304 Not Modified (1ms)


Started GET "/assets/users.css?body=1" for 127.0.0.1 at 2013-06-25 09:53:44 +0700
Served asset /users.css - 304 Not Modified (3ms)


Started GET "/assets/scaffolds.css?body=1" for 127.0.0.1 at 2013-06-25 09:53:44 +0700
Served asset /scaffolds.css - 304 Not Modified (0ms)


Started GET "/assets/microposts.js?body=1" for 127.0.0.1 at 2013-06-25 09:53:44 +0700
Served asset /microposts.js - 304 Not Modified (0ms)


Started GET "/assets/microposts.css?body=1" for 127.0.0.1 at 2013-06-25 09:53:44 +0700
Served asset /microposts.css - 304 Not Modified (2ms)


Started GET "/assets/users.js?body=1" for 127.0.0.1 at 2013-06-25 09:53:44 +0700
Served asset /users.js - 304 Not Modified (0ms)


Started GET "/assets/application.js?body=1" for 127.0.0.1 at 2013-06-25 09:53:44 +0700
Served asset /application.js - 304 Not Modified (2ms)


Started GET "/microposts/new" for 127.0.0.1 at 2013-06-25 09:53:48 +0700
Processing by MicropostsController#new as HTML
  Rendered microposts/_form.html.erb (3.2ms)
  Rendered microposts/new.html.erb within layouts/application (4.4ms)
Completed 200 OK in 13ms (Views: 11.9ms | ActiveRecord: 0.0ms)


Started GET "/assets/application.css?body=1" for 127.0.0.1 at 2013-06-25 09:53:49 +0700
Served asset /application.css - 304 Not Modified (8ms)


Started GET "/assets/users.css?body=1" for 127.0.0.1 at 2013-06-25 09:53:49 +0700
Served asset /users.css - 304 Not Modified (0ms)


Started GET "/assets/microposts.js?body=1" for 127.0.0.1 at 2013-06-25 09:53:49 +0700
Served asset /microposts.js - 304 Not Modified (2ms)


Started GET "/assets/scaffolds.css?body=1" for 127.0.0.1 at 2013-06-25 09:53:49 +0700
Served asset /scaffolds.css - 304 Not Modified (0ms)


Started GET "/assets/users.js?body=1" for 127.0.0.1 at 2013-06-25 09:53:49 +0700
Served asset /users.js - 304 Not Modified (1ms)


Started GET "/assets/microposts.css?body=1" for 127.0.0.1 at 2013-06-25 09:53:49 +0700
Served asset /microposts.css - 304 Not Modified (0ms)


Started GET "/assets/application.js?body=1" for 127.0.0.1 at 2013-06-25 09:53:49 +0700
Served asset /application.js - 304 Not Modified (2ms)


Started POST "/microposts" for 127.0.0.1 at 2013-06-25 09:53:52 +0700
Processing by MicropostsController#create as HTML
  Parameters: {"utf8"=>"✓", "authenticity_token"=>"z060sdlt3WbcabKv8VLDKSDzhabJTZhxCzDCxPvAffY=", "micropost"=>{"content"=>"sdsdf", "user_id"=>"1"}, "commit"=>"Create Micropost"}
  [1m[36m (0.1ms)[0m  [1mbegin transaction[0m
  [1m[35mSQL (0.8ms)[0m  INSERT INTO "microposts" ("content", "created_at", "updated_at", "user_id") VALUES (?, ?, ?, ?)  [["content", "sdsdf"], ["created_at", Tue, 25 Jun 2013 02:53:52 UTC +00:00], ["updated_at", Tue, 25 Jun 2013 02:53:52 UTC +00:00], ["user_id", 1]]
  [1m[36m (133.1ms)[0m  [1mcommit transaction[0m
Redirected to http://localhost:3000/microposts/4
Completed 302 Found in 143ms (ActiveRecord: 134.0ms)


Started GET "/microposts/4" for 127.0.0.1 at 2013-06-25 09:53:53 +0700
Processing by MicropostsController#show as HTML
  Parameters: {"id"=>"4"}
  [1m[35mMicropost Load (0.5ms)[0m  SELECT "microposts".* FROM "microposts" WHERE "microposts"."id" = ? LIMIT 1  [["id", "4"]]
  Rendered microposts/show.html.erb within layouts/application (0.9ms)
Completed 200 OK in 11ms (Views: 7.8ms | ActiveRecord: 0.5ms)


Started GET "/assets/application.css?body=1" for 127.0.0.1 at 2013-06-25 09:53:53 +0700
Served asset /application.css - 304 Not Modified (2ms)


Started GET "/assets/scaffolds.css?body=1" for 127.0.0.1 at 2013-06-25 09:53:53 +0700
Served asset /scaffolds.css - 304 Not Modified (2ms)


Started GET "/assets/users.css?body=1" for 127.0.0.1 at 2013-06-25 09:53:53 +0700
Served asset /users.css - 304 Not Modified (0ms)


Started GET "/assets/microposts.css?body=1" for 127.0.0.1 at 2013-06-25 09:53:53 +0700
Served asset /microposts.css - 304 Not Modified (0ms)


Started GET "/assets/users.js?body=1" for 127.0.0.1 at 2013-06-25 09:53:53 +0700
Served asset /users.js - 304 Not Modified (3ms)


Started GET "/assets/microposts.js?body=1" for 127.0.0.1 at 2013-06-25 09:53:53 +0700
Served asset /microposts.js - 304 Not Modified (0ms)


Started GET "/assets/application.js?body=1" for 127.0.0.1 at 2013-06-25 09:53:53 +0700
Served asset /application.js - 304 Not Modified (3ms)


Started GET "/microposts" for 127.0.0.1 at 2013-06-25 09:53:54 +0700
Processing by MicropostsController#index as HTML
  [1m[36mMicropost Load (0.4ms)[0m  [1mSELECT "microposts".* FROM "microposts" [0m
  Rendered microposts/index.html.erb within layouts/application (7.4ms)
Completed 200 OK in 47ms (Views: 45.0ms | ActiveRecord: 0.4ms)


Started GET "/assets/application.css?body=1" for 127.0.0.1 at 2013-06-25 09:53:54 +0700
Served asset /application.css - 304 Not Modified (9ms)


Started GET "/assets/users.css?body=1" for 127.0.0.1 at 2013-06-25 09:53:54 +0700
Served asset /users.css - 304 Not Modified (0ms)


Started GET "/assets/microposts.css?body=1" for 127.0.0.1 at 2013-06-25 09:53:54 +0700
Served asset /microposts.css - 304 Not Modified (0ms)


Started GET "/assets/scaffolds.css?body=1" for 127.0.0.1 at 2013-06-25 09:53:54 +0700
Served asset /scaffolds.css - 304 Not Modified (0ms)


Started GET "/assets/microposts.js?body=1" for 127.0.0.1 at 2013-06-25 09:53:54 +0700
Served asset /microposts.js - 304 Not Modified (0ms)


Started GET "/assets/users.js?body=1" for 127.0.0.1 at 2013-06-25 09:53:54 +0700
Served asset /users.js - 304 Not Modified (0ms)


Started GET "/assets/application.js?body=1" for 127.0.0.1 at 2013-06-25 09:53:54 +0700
Served asset /application.js - 304 Not Modified (2ms)
